# JRE version: Java(TM) SE Runtime Environment (8.0_201-b09) (build 1.8.0_201-b09)
# Java VM: Java HotSpot(TM) 64-Bit Server VM (25.201-b09 mixed mode linux-amd64 compressed oops)
Heap:
 PSYoungGen      total 309760K, used 308159K [0x00000000ece00000, 0x0000000100000000, 0x0000000100000000)
  eden space 306176K, 99% used [0x00000000ece00000,0x00000000ff7d4d60,0x00000000ff900000)
  from space 3584K, 88% used [0x00000000ff900000,0x00000000ffc1af50,0x00000000ffc80000)
  to   space 3584K, 0% used [0x00000000ffc80000,0x00000000ffc80000,0x0000000100000000)
 ParOldGen       total 434176K, used 35480K [0x00000000c6a00000, 0x00000000e1200000, 0x00000000ece00000)
  object space 434176K, 8% used [0x00000000c6a00000,0x00000000c8ca6340,0x00000000e1200000)
 Metaspace       used 2483K, capacity 4490K, committed 4864K, reserved 1056768K
  class space    used 265K, capacity 386K, committed 512K, reserved 1048576K
GC Heap History (10 events):
Event: 6368.550 GC heap before
{Heap before GC invocations=4460 (full 97):
 PSYoungGen      total 309760K, used 304812K [0x00000000ece00000, 0x0000000100000000, 0x0000000100000000)
  eden space 306176K, 99% used [0x00000000ece00000,0x00000000ff7ab200,0x00000000ff900000)
  from space 3584K, 0% used [0x00000000ffc80000,0x00000000ffc80000,0x0000000100000000)
  to   space 3584K, 0% used [0x00000000ff900000,0x00000000ff900000,0x00000000ffc80000)
 ParOldGen       total 434176K, used 3689K [0x00000000c6a00000, 0x00000000e1200000, 0x00000000ece00000)
  object space 434176K, 0% used [0x00000000c6a00000,0x00000000c6d9a7e0,0x00000000e1200000)
 Metaspace       used 2483K, capacity 4490K, committed 4864K, reserved 1056768K
  class space    used 265K, capacity 386K, committed 512K, reserved 1048576K
Event: 6380.023 GC heap after
Heap after GC invocations=4460 (full 97):
 PSYoungGen      total 309760K, used 3178K [0x00000000ece00000, 0x0000000100000000, 0x0000000100000000)
  eden space 306176K, 0% used [0x00000000ece00000,0x00000000ece00000,0x00000000ff900000)
  from space 3584K, 88% used [0x00000000ff900000,0x00000000ffc1a960,0x00000000ffc80000)
  to   space 3584K, 0% used [0x00000000ffc80000,0x00000000ffc80000,0x0000000100000000)
 ParOldGen       total 434176K, used 10046K [0x00000000c6a00000, 0x00000000e1200000, 0x00000000ece00000)
  object space 434176K, 2% used [0x00000000c6a00000,0x00000000c73cfaa0,0x00000000e1200000)
 Metaspace       used 2483K, capacity 4490K, committed 4864K, reserved 1056768K
  class space    used 265K, capacity 386K, committed 512K, reserved 1048576K
}
Event: 6381.212 GC heap before
{Heap before GC invocations=4461 (full 97):
 PSYoungGen      total 309760K, used 307981K [0x00000000ece00000, 0x0000000100000000, 0x0000000100000000)
  eden space 306176K, 99% used [0x00000000ece00000,0x00000000ff7a8ad8,0x00000000ff900000)
  from space 3584K, 88% used [0x00000000ff900000,0x00000000ffc1a960,0x00000000ffc80000)
  to   space 3584K, 0% used [0x00000000ffc80000,0x00000000ffc80000,0x0000000100000000)
 ParOldGen       total 434176K, used 10046K [0x00000000c6a00000, 0x00000000e1200000, 0x00000000ece00000)
  object space 434176K, 2% used [0x00000000c6a00000,0x00000000c73cfaa0,0x00000000e1200000)
 Metaspace       used 2483K, capacity 4490K, committed 4864K, reserved 1056768K
  class space    used 265K, capacity 386K, committed 512K, reserved 1048576K
Event: 6514.236 GC heap after
Heap after GC invocations=4461 (full 97):
 PSYoungGen      total 309760K, used 3178K [0x00000000ece00000, 0x0000000100000000, 0x0000000100000000)
  eden space 306176K, 0% used [0x00000000ece00000,0x00000000ece00000,0x00000000ff900000)
  from space 3584K, 88% used [0x00000000ffc80000,0x00000000fff9aad8,0x0000000100000000)
  to   space 3584K, 0% used [0x00000000ff900000,0x00000000ff900000,0x00000000ffc80000)
 ParOldGen       total 434176K, used 16404K [0x00000000c6a00000, 0x00000000e1200000, 0x00000000ece00000)
  object space 434176K, 3% used [0x00000000c6a00000,0x00000000c7a05050,0x00000000e1200000)
 Metaspace       used 2483K, capacity 4490K, committed 4864K, reserved 1056768K
  class space    used 265K, capacity 386K, committed 512K, reserved 1048576K
}
Event: 6514.898 GC heap before
{Heap before GC invocations=4462 (full 97):
 PSYoungGen      total 309760K, used 308032K [0x00000000ece00000, 0x0000000100000000, 0x0000000100000000)
  eden space 306176K, 99% used [0x00000000ece00000,0x00000000ff7b5640,0x00000000ff900000)
  from space 3584K, 88% used [0x00000000ffc80000,0x00000000fff9aad8,0x0000000100000000)
  to   space 3584K, 0% used [0x00000000ff900000,0x00000000ff900000,0x00000000ffc80000)
 ParOldGen       total 434176K, used 16404K [0x00000000c6a00000, 0x00000000e1200000, 0x00000000ece00000)
  object space 434176K, 3% used [0x00000000c6a00000,0x00000000c7a05050,0x00000000e1200000)
 Metaspace       used 2483K, capacity 4490K, committed 4864K, reserved 1056768K
  class space    used 265K, capacity 386K, committed 512K, reserved 1048576K
Event: 6529.267 GC heap after
Heap after GC invocations=4462 (full 97):
 PSYoungGen      total 309760K, used 3179K [0x00000000ece00000, 0x0000000100000000, 0x0000000100000000)
  eden space 306176K, 0% used [0x00000000ece00000,0x00000000ece00000,0x00000000ff900000)
  from space 3584K, 88% used [0x00000000ff900000,0x00000000ffc1ac58,0x00000000ffc80000)
  to   space 3584K, 0% used [0x00000000ffc80000,0x00000000ffc80000,0x0000000100000000)
 ParOldGen       total 434176K, used 22762K [0x00000000c6a00000, 0x00000000e1200000, 0x00000000ece00000)
  object space 434176K, 5% used [0x00000000c6a00000,0x00000000c803a900,0x00000000e1200000)
 Metaspace       used 2483K, capacity 4490K, committed 4864K, reserved 1056768K
  class space    used 265K, capacity 386K, committed 512K, reserved 1048576K
}
Event: 6529.517 GC heap before
{Heap before GC invocations=4463 (full 97):
 PSYoungGen      total 309760K, used 308077K [0x00000000ece00000, 0x0000000100000000, 0x0000000100000000)
  eden space 306176K, 99% used [0x00000000ece00000,0x00000000ff7c0ad8,0x00000000ff900000)
  from space 3584K, 88% used [0x00000000ff900000,0x00000000ffc1ac58,0x00000000ffc80000)
  to   space 3584K, 0% used [0x00000000ffc80000,0x00000000ffc80000,0x0000000100000000)
 ParOldGen       total 434176K, used 22762K [0x00000000c6a00000, 0x00000000e1200000, 0x00000000ece00000)
  object space 434176K, 5% used [0x00000000c6a00000,0x00000000c803a900,0x00000000e1200000)
 Metaspace       used 2483K, capacity 4490K, committed 4864K, reserved 1056768K
  class space    used 265K, capacity 386K, committed 512K, reserved 1048576K
Event: 6543.343 GC heap after
Heap after GC invocations=4463 (full 97):
 PSYoungGen      total 309760K, used 3179K [0x00000000ece00000, 0x0000000100000000, 0x0000000100000000)
  eden space 306176K, 0% used [0x00000000ece00000,0x00000000ece00000,0x00000000ff900000)
  from space 3584K, 88% used [0x00000000ffc80000,0x00000000fff9add0,0x0000000100000000)
  to   space 3584K, 0% used [0x00000000ff900000,0x00000000ff900000,0x00000000ffc80000)
 ParOldGen       total 434176K, used 29121K [0x00000000c6a00000, 0x00000000e1200000, 0x00000000ece00000)
  object space 434176K, 6% used [0x00000000c6a00000,0x00000000c86704a0,0x00000000e1200000)
 Metaspace       used 2483K, capacity 4490K, committed 4864K, reserved 1056768K
  class space    used 265K, capacity 386K, committed 512K, reserved 1048576K
}
Event: 6543.903 GC heap before
{Heap before GC invocations=4464 (full 97):
 PSYoungGen      total 309760K, used 308119K [0x00000000ece00000, 0x0000000100000000, 0x0000000100000000)
  eden space 306176K, 99% used [0x00000000ece00000,0x00000000ff7cb0d0,0x00000000ff900000)
  from space 3584K, 88% used [0x00000000ffc80000,0x00000000fff9add0,0x0000000100000000)
  to   space 3584K, 0% used [0x00000000ff900000,0x00000000ff900000,0x00000000ffc80000)
 ParOldGen       total 434176K, used 29121K [0x00000000c6a00000, 0x00000000e1200000, 0x00000000ece00000)
  object space 434176K, 6% used [0x00000000c6a00000,0x00000000c86704a0,0x00000000e1200000)
 Metaspace       used 2483K, capacity 4490K, committed 4864K, reserved 1056768K
  class space    used 265K, capacity 386K, committed 512K, reserved 1048576K
Event: 6567.609 GC heap after
Heap after GC invocations=4464 (full 97):
 PSYoungGen      total 309760K, used 3179K [0x00000000ece00000, 0x0000000100000000, 0x0000000100000000)
  eden space 306176K, 0% used [0x00000000ece00000,0x00000000ece00000,0x00000000ff900000)
  from space 3584K, 88% used [0x00000000ff900000,0x00000000ffc1af50,0x00000000ffc80000)
  to   space 3584K, 0% used [0x00000000ffc80000,0x00000000ffc80000,0x0000000100000000)
 ParOldGen       total 434176K, used 35480K [0x00000000c6a00000, 0x00000000e1200000, 0x00000000ece00000)
  object space 434176K, 8% used [0x00000000c6a00000,0x00000000c8ca6340,0x00000000e1200000)
 Metaspace       used 2483K, capacity 4490K, committed 4864K, reserved 1056768K
  class space    used 265K, capacity 386K, committed 512K, reserved 1048576K
}

