# JRE version: Java(TM) SE Runtime Environment (8.0_201-b09) (build 1.8.0_201-b09)
# Java VM: Java HotSpot(TM) 64-Bit Server VM (25.201-b09 mixed mode linux-amd64 compressed oops)
Heap:
 PSYoungGen      total 309760K, used 307362K [0x00000000ece00000, 0x0000000100000000, 0x0000000100000000)
  eden space 306176K, 99% used [0x00000000ece00000,0x00000000ff720030,0x00000000ff900000)
  from space 3584K, 86% used [0x00000000ffc80000,0x00000000fff887e8,0x0000000100000000)
  to   space 3584K, 0% used [0x00000000ff900000,0x00000000ff900000,0x00000000ffc80000)
 ParOldGen       total 303616K, used 130699K [0x00000000c6a00000, 0x00000000d9280000, 0x00000000ece00000)
  object space 303616K, 43% used [0x00000000c6a00000,0x00000000ce9a2e30,0x00000000d9280000)
 Metaspace       used 2482K, capacity 4490K, committed 4864K, reserved 1056768K
  class space    used 265K, capacity 386K, committed 512K, reserved 1048576K
GC Heap History (10 events):
Event: 6554.439 GC heap before
{Heap before GC invocations=4250 (full 96):
 PSYoungGen      total 309760K, used 307178K [0x00000000ece00000, 0x0000000100000000, 0x0000000100000000)
  eden space 306176K, 99% used [0x00000000ece00000,0x00000000ff6f2860,0x00000000ff900000)
  from space 3584K, 86% used [0x00000000ff900000,0x00000000ffc08050,0x00000000ffc80000)
  to   space 3584K, 0% used [0x00000000ffc80000,0x00000000ffc80000,0x0000000100000000)
 ParOldGen       total 303616K, used 108962K [0x00000000c6a00000, 0x00000000d9280000, 0x00000000ece00000)
  object space 303616K, 35% used [0x00000000c6a00000,0x00000000cd468918,0x00000000d9280000)
 Metaspace       used 2482K, capacity 4490K, committed 4864K, reserved 1056768K
  class space    used 265K, capacity 386K, committed 512K, reserved 1048576K
Event: 6554.448 GC heap after
Heap after GC invocations=4250 (full 96):
 PSYoungGen      total 309760K, used 3104K [0x00000000ece00000, 0x0000000100000000, 0x0000000100000000)
  eden space 306176K, 0% used [0x00000000ece00000,0x00000000ece00000,0x00000000ff900000)
  from space 3584K, 86% used [0x00000000ffc80000,0x00000000fff881d8,0x0000000100000000)
  to   space 3584K, 0% used [0x00000000ff900000,0x00000000ff900000,0x00000000ffc80000)
 ParOldGen       total 303616K, used 108962K [0x00000000c6a00000, 0x00000000d9280000, 0x00000000ece00000)
  object space 303616K, 35% used [0x00000000c6a00000,0x00000000cd468918,0x00000000d9280000)
 Metaspace       used 2482K, capacity 4490K, committed 4864K, reserved 1056768K
  class space    used 265K, capacity 386K, committed 512K, reserved 1048576K
}
Event: 6554.746 GC heap before
{Heap before GC invocations=4251 (full 96):
 PSYoungGen      total 309760K, used 307214K [0x00000000ece00000, 0x0000000100000000, 0x0000000100000000)
  eden space 306176K, 99% used [0x00000000ece00000,0x00000000ff6fb9f0,0x00000000ff900000)
  from space 3584K, 86% used [0x00000000ffc80000,0x00000000fff881d8,0x0000000100000000)
  to   space 3584K, 0% used [0x00000000ff900000,0x00000000ff900000,0x00000000ffc80000)
 ParOldGen       total 303616K, used 108962K [0x00000000c6a00000, 0x00000000d9280000, 0x00000000ece00000)
  object space 303616K, 35% used [0x00000000c6a00000,0x00000000cd468918,0x00000000d9280000)
 Metaspace       used 2482K, capacity 4490K, committed 4864K, reserved 1056768K
  class space    used 265K, capacity 386K, committed 512K, reserved 1048576K
Event: 6554.761 GC heap after
Heap after GC invocations=4251 (full 96):
 PSYoungGen      total 309760K, used 3104K [0x00000000ece00000, 0x0000000100000000, 0x0000000100000000)
  eden space 306176K, 0% used [0x00000000ece00000,0x00000000ece00000,0x00000000ff900000)
  from space 3584K, 86% used [0x00000000ff900000,0x00000000ffc08358,0x00000000ffc80000)
  to   space 3584K, 0% used [0x00000000ffc80000,0x00000000ffc80000,0x0000000100000000)
 ParOldGen       total 303616K, used 115171K [0x00000000c6a00000, 0x00000000d9280000, 0x00000000ece00000)
  object space 303616K, 37% used [0x00000000c6a00000,0x00000000cda78fc8,0x00000000d9280000)
 Metaspace       used 2482K, capacity 4490K, committed 4864K, reserved 1056768K
  class space    used 265K, capacity 386K, committed 512K, reserved 1048576K
}
Event: 6555.105 GC heap before
{Heap before GC invocations=4252 (full 96):
 PSYoungGen      total 309760K, used 307251K [0x00000000ece00000, 0x0000000100000000, 0x0000000100000000)
  eden space 306176K, 99% used [0x00000000ece00000,0x00000000ff704b80,0x00000000ff900000)
  from space 3584K, 86% used [0x00000000ff900000,0x00000000ffc08358,0x00000000ffc80000)
  to   space 3584K, 0% used [0x00000000ffc80000,0x00000000ffc80000,0x0000000100000000)
 ParOldGen       total 303616K, used 115171K [0x00000000c6a00000, 0x00000000d9280000, 0x00000000ece00000)
  object space 303616K, 37% used [0x00000000c6a00000,0x00000000cda78fc8,0x00000000d9280000)
 Metaspace       used 2482K, capacity 4490K, committed 4864K, reserved 1056768K
  class space    used 265K, capacity 386K, committed 512K, reserved 1048576K
Event: 6565.769 GC heap after
Heap after GC invocations=4252 (full 96):
 PSYoungGen      total 309760K, used 3105K [0x00000000ece00000, 0x0000000100000000, 0x0000000100000000)
  eden space 306176K, 0% used [0x00000000ece00000,0x00000000ece00000,0x00000000ff900000)
  from space 3584K, 86% used [0x00000000ffc80000,0x00000000fff884e0,0x0000000100000000)
  to   space 3584K, 0% used [0x00000000ff900000,0x00000000ff900000,0x00000000ffc80000)
 ParOldGen       total 303616K, used 121382K [0x00000000c6a00000, 0x00000000d9280000, 0x00000000ece00000)
  object space 303616K, 39% used [0x00000000c6a00000,0x00000000ce089988,0x00000000d9280000)
 Metaspace       used 2482K, capacity 4490K, committed 4864K, reserved 1056768K
  class space    used 265K, capacity 386K, committed 512K, reserved 1048576K
}
Event: 6566.067 GC heap before
{Heap before GC invocations=4253 (full 96):
 PSYoungGen      total 309760K, used 307288K [0x00000000ece00000, 0x0000000100000000, 0x0000000100000000)
  eden space 306176K, 99% used [0x00000000ece00000,0x00000000ff70dd10,0x00000000ff900000)
  from space 3584K, 86% used [0x00000000ffc80000,0x00000000fff884e0,0x0000000100000000)
  to   space 3584K, 0% used [0x00000000ff900000,0x00000000ff900000,0x00000000ffc80000)
 ParOldGen       total 303616K, used 121382K [0x00000000c6a00000, 0x00000000d9280000, 0x00000000ece00000)
  object space 303616K, 39% used [0x00000000c6a00000,0x00000000ce089988,0x00000000d9280000)
 Metaspace       used 2482K, capacity 4490K, committed 4864K, reserved 1056768K
  class space    used 265K, capacity 386K, committed 512K, reserved 1048576K
Event: 6566.076 GC heap after
Heap after GC invocations=4253 (full 96):
 PSYoungGen      total 309760K, used 3105K [0x00000000ece00000, 0x0000000100000000, 0x0000000100000000)
  eden space 306176K, 0% used [0x00000000ece00000,0x00000000ece00000,0x00000000ff900000)
  from space 3584K, 86% used [0x00000000ff900000,0x00000000ffc08660,0x00000000ffc80000)
  to   space 3584K, 0% used [0x00000000ffc80000,0x00000000ffc80000,0x0000000100000000)
 ParOldGen       total 303616K, used 127593K [0x00000000c6a00000, 0x00000000d9280000, 0x00000000ece00000)
  object space 303616K, 42% used [0x00000000c6a00000,0x00000000ce69a648,0x00000000d9280000)
 Metaspace       used 2482K, capacity 4490K, committed 4864K, reserved 1056768K
  class space    used 265K, capacity 386K, committed 512K, reserved 1048576K
}
Event: 6566.454 GC heap before
{Heap before GC invocations=4254 (full 96):
 PSYoungGen      total 309760K, used 307325K [0x00000000ece00000, 0x0000000100000000, 0x0000000100000000)
  eden space 306176K, 99% used [0x00000000ece00000,0x00000000ff716ea0,0x00000000ff900000)
  from space 3584K, 86% used [0x00000000ff900000,0x00000000ffc08660,0x00000000ffc80000)
  to   space 3584K, 0% used [0x00000000ffc80000,0x00000000ffc80000,0x0000000100000000)
 ParOldGen       total 303616K, used 127593K [0x00000000c6a00000, 0x00000000d9280000, 0x00000000ece00000)
  object space 303616K, 42% used [0x00000000c6a00000,0x00000000ce69a648,0x00000000d9280000)
 Metaspace       used 2482K, capacity 4490K, committed 4864K, reserved 1056768K
  class space    used 265K, capacity 386K, committed 512K, reserved 1048576K
Event: 6566.472 GC heap after
Heap after GC invocations=4254 (full 96):
 PSYoungGen      total 309760K, used 3105K [0x00000000ece00000, 0x0000000100000000, 0x0000000100000000)
  eden space 306176K, 0% used [0x00000000ece00000,0x00000000ece00000,0x00000000ff900000)
  from space 3584K, 86% used [0x00000000ffc80000,0x00000000fff887e8,0x0000000100000000)
  to   space 3584K, 0% used [0x00000000ff900000,0x00000000ff900000,0x00000000ffc80000)
 ParOldGen       total 303616K, used 130699K [0x00000000c6a00000, 0x00000000d9280000, 0x00000000ece00000)
  object space 303616K, 43% used [0x00000000c6a00000,0x00000000ce9a2e30,0x00000000d9280000)
 Metaspace       used 2482K, capacity 4490K, committed 4864K, reserved 1056768K
  class space    used 265K, capacity 386K, committed 512K, reserved 1048576K
}

