# JRE version: Java(TM) SE Runtime Environment (8.0_201-b09) (build 1.8.0_201-b09)
# Java VM: Java HotSpot(TM) 64-Bit Server VM (25.201-b09 mixed mode linux-amd64 compressed oops)
Heap:
 PSYoungGen      total 309760K, used 306982K [0x00000000ece00000, 0x0000000100000000, 0x0000000100000000)
  eden space 306176K, 99% used [0x00000000ece00000,0x00000000ff6b1e38,0x00000000ff900000)
  from space 3584K, 88% used [0x00000000ffc80000,0x00000000fff97d78,0x0000000100000000)
  to   space 3584K, 0% used [0x00000000ff900000,0x00000000ff900000,0x00000000ffc80000)
 ParOldGen       total 406016K, used 340425K [0x00000000c6a00000, 0x00000000df680000, 0x00000000ece00000)
  object space 406016K, 83% used [0x00000000c6a00000,0x00000000db6724a0,0x00000000df680000)
 Metaspace       used 2482K, capacity 4490K, committed 4864K, reserved 1056768K
  class space    used 265K, capacity 386K, committed 512K, reserved 1048576K
GC Heap History (10 events):
Event: 6556.942 GC heap before
{Heap before GC invocations=4448 (full 100):
 PSYoungGen      total 309760K, used 306806K [0x00000000ece00000, 0x0000000100000000, 0x0000000100000000)
  eden space 306176K, 99% used [0x00000000ece00000,0x00000000ff686450,0x00000000ff900000)
  from space 3584K, 88% used [0x00000000ff900000,0x00000000ffc17610,0x00000000ffc80000)
  to   space 3584K, 0% used [0x00000000ffc80000,0x00000000ffc80000,0x0000000100000000)
 ParOldGen       total 406016K, used 330924K [0x00000000c6a00000, 0x00000000df680000, 0x00000000ece00000)
  object space 406016K, 81% used [0x00000000c6a00000,0x00000000dad2b3a0,0x00000000df680000)
 Metaspace       used 2482K, capacity 4490K, committed 4864K, reserved 1056768K
  class space    used 265K, capacity 386K, committed 512K, reserved 1048576K
Event: 6556.948 GC heap after
Heap after GC invocations=4448 (full 100):
 PSYoungGen      total 309760K, used 3165K [0x00000000ece00000, 0x0000000100000000, 0x0000000100000000)
  eden space 306176K, 0% used [0x00000000ece00000,0x00000000ece00000,0x00000000ff900000)
  from space 3584K, 88% used [0x00000000ffc80000,0x00000000fff97788,0x0000000100000000)
  to   space 3584K, 0% used [0x00000000ff900000,0x00000000ff900000,0x00000000ffc80000)
 ParOldGen       total 406016K, used 330924K [0x00000000c6a00000, 0x00000000df680000, 0x00000000ece00000)
  object space 406016K, 81% used [0x00000000c6a00000,0x00000000dad2b3a0,0x00000000df680000)
 Metaspace       used 2482K, capacity 4490K, committed 4864K, reserved 1056768K
  class space    used 265K, capacity 386K, committed 512K, reserved 1048576K
}
Event: 6557.198 GC heap before
{Heap before GC invocations=4449 (full 100):
 PSYoungGen      total 309760K, used 306841K [0x00000000ece00000, 0x0000000100000000, 0x0000000100000000)
  eden space 306176K, 99% used [0x00000000ece00000,0x00000000ff68efe0,0x00000000ff900000)
  from space 3584K, 88% used [0x00000000ffc80000,0x00000000fff97788,0x0000000100000000)
  to   space 3584K, 0% used [0x00000000ff900000,0x00000000ff900000,0x00000000ffc80000)
 ParOldGen       total 406016K, used 330924K [0x00000000c6a00000, 0x00000000df680000, 0x00000000ece00000)
  object space 406016K, 81% used [0x00000000c6a00000,0x00000000dad2b3a0,0x00000000df680000)
 Metaspace       used 2482K, capacity 4490K, committed 4864K, reserved 1056768K
  class space    used 265K, capacity 386K, committed 512K, reserved 1048576K
Event: 6557.206 GC heap after
Heap after GC invocations=4449 (full 100):
 PSYoungGen      total 309760K, used 3166K [0x00000000ece00000, 0x0000000100000000, 0x0000000100000000)
  eden space 306176K, 0% used [0x00000000ece00000,0x00000000ece00000,0x00000000ff900000)
  from space 3584K, 88% used [0x00000000ff900000,0x00000000ffc17908,0x00000000ffc80000)
  to   space 3584K, 0% used [0x00000000ffc80000,0x00000000ffc80000,0x0000000100000000)
 ParOldGen       total 406016K, used 330924K [0x00000000c6a00000, 0x00000000df680000, 0x00000000ece00000)
  object space 406016K, 81% used [0x00000000c6a00000,0x00000000dad2b3a0,0x00000000df680000)
 Metaspace       used 2482K, capacity 4490K, committed 4864K, reserved 1056768K
  class space    used 265K, capacity 386K, committed 512K, reserved 1048576K
}
Event: 6557.517 GC heap before
{Heap before GC invocations=4450 (full 100):
 PSYoungGen      total 309760K, used 306877K [0x00000000ece00000, 0x0000000100000000, 0x0000000100000000)
  eden space 306176K, 99% used [0x00000000ece00000,0x00000000ff697b78,0x00000000ff900000)
  from space 3584K, 88% used [0x00000000ff900000,0x00000000ffc17908,0x00000000ffc80000)
  to   space 3584K, 0% used [0x00000000ffc80000,0x00000000ffc80000,0x0000000100000000)
 ParOldGen       total 406016K, used 330924K [0x00000000c6a00000, 0x00000000df680000, 0x00000000ece00000)
  object space 406016K, 81% used [0x00000000c6a00000,0x00000000dad2b3a0,0x00000000df680000)
 Metaspace       used 2482K, capacity 4490K, committed 4864K, reserved 1056768K
  class space    used 265K, capacity 386K, committed 512K, reserved 1048576K
Event: 6557.526 GC heap after
Heap after GC invocations=4450 (full 100):
 PSYoungGen      total 309760K, used 3166K [0x00000000ece00000, 0x0000000100000000, 0x0000000100000000)
  eden space 306176K, 0% used [0x00000000ece00000,0x00000000ece00000,0x00000000ff900000)
  from space 3584K, 88% used [0x00000000ffc80000,0x00000000fff97a80,0x0000000100000000)
  to   space 3584K, 0% used [0x00000000ff900000,0x00000000ff900000,0x00000000ffc80000)
 ParOldGen       total 406016K, used 337258K [0x00000000c6a00000, 0x00000000df680000, 0x00000000ece00000)
  object space 406016K, 83% used [0x00000000c6a00000,0x00000000db35a8a0,0x00000000df680000)
 Metaspace       used 2482K, capacity 4490K, committed 4864K, reserved 1056768K
  class space    used 265K, capacity 386K, committed 512K, reserved 1048576K
}
Event: 6568.054 GC heap before
{Heap before GC invocations=4451 (full 100):
 PSYoungGen      total 309760K, used 306912K [0x00000000ece00000, 0x0000000100000000, 0x0000000100000000)
  eden space 306176K, 99% used [0x00000000ece00000,0x00000000ff6a0710,0x00000000ff900000)
  from space 3584K, 88% used [0x00000000ffc80000,0x00000000fff97a80,0x0000000100000000)
  to   space 3584K, 0% used [0x00000000ff900000,0x00000000ff900000,0x00000000ffc80000)
 ParOldGen       total 406016K, used 337258K [0x00000000c6a00000, 0x00000000df680000, 0x00000000ece00000)
  object space 406016K, 83% used [0x00000000c6a00000,0x00000000db35a8a0,0x00000000df680000)
 Metaspace       used 2482K, capacity 4490K, committed 4864K, reserved 1056768K
  class space    used 265K, capacity 386K, committed 512K, reserved 1048576K
Event: 6568.065 GC heap after
Heap after GC invocations=4451 (full 100):
 PSYoungGen      total 309760K, used 3167K [0x00000000ece00000, 0x0000000100000000, 0x0000000100000000)
  eden space 306176K, 0% used [0x00000000ece00000,0x00000000ece00000,0x00000000ff900000)
  from space 3584K, 88% used [0x00000000ff900000,0x00000000ffc17c00,0x00000000ffc80000)
  to   space 3584K, 0% used [0x00000000ffc80000,0x00000000ffc80000,0x0000000100000000)
 ParOldGen       total 406016K, used 340425K [0x00000000c6a00000, 0x00000000df680000, 0x00000000ece00000)
  object space 406016K, 83% used [0x00000000c6a00000,0x00000000db6724a0,0x00000000df680000)
 Metaspace       used 2482K, capacity 4490K, committed 4864K, reserved 1056768K
  class space    used 265K, capacity 386K, committed 512K, reserved 1048576K
}
Event: 6568.749 GC heap before
{Heap before GC invocations=4452 (full 100):
 PSYoungGen      total 309760K, used 306947K [0x00000000ece00000, 0x0000000100000000, 0x0000000100000000)
  eden space 306176K, 99% used [0x00000000ece00000,0x00000000ff6a92a8,0x00000000ff900000)
  from space 3584K, 88% used [0x00000000ff900000,0x00000000ffc17c00,0x00000000ffc80000)
  to   space 3584K, 0% used [0x00000000ffc80000,0x00000000ffc80000,0x0000000100000000)
 ParOldGen       total 406016K, used 340425K [0x00000000c6a00000, 0x00000000df680000, 0x00000000ece00000)
  object space 406016K, 83% used [0x00000000c6a00000,0x00000000db6724a0,0x00000000df680000)
 Metaspace       used 2482K, capacity 4490K, committed 4864K, reserved 1056768K
  class space    used 265K, capacity 386K, committed 512K, reserved 1048576K
Event: 6568.768 GC heap after
Heap after GC invocations=4452 (full 100):
 PSYoungGen      total 309760K, used 3167K [0x00000000ece00000, 0x0000000100000000, 0x0000000100000000)
  eden space 306176K, 0% used [0x00000000ece00000,0x00000000ece00000,0x00000000ff900000)
  from space 3584K, 88% used [0x00000000ffc80000,0x00000000fff97d78,0x0000000100000000)
  to   space 3584K, 0% used [0x00000000ff900000,0x00000000ff900000,0x00000000ffc80000)
 ParOldGen       total 406016K, used 340425K [0x00000000c6a00000, 0x00000000df680000, 0x00000000ece00000)
  object space 406016K, 83% used [0x00000000c6a00000,0x00000000db6724a0,0x00000000df680000)
 Metaspace       used 2482K, capacity 4490K, committed 4864K, reserved 1056768K
  class space    used 265K, capacity 386K, committed 512K, reserved 1048576K
}

